2021-05-22 15:44:44,447 - /home/yf/PycharmProjects/js/逆向/网页实战/拼夕夕crawlerinfo,anti_content参数/pinxixi_catgoods.py[line:64] - ERROR: 当前进行第1页信息抓取，出现验证码
2021-05-22 15:44:44,448 - /home/yf/PycharmProjects/js/逆向/网页实战/拼夕夕crawlerinfo,anti_content参数/pinxixi_catgoods.py[line:65] - WARNING: cookie:<RequestsCookieJar[<Cookie PDDAccessToken=6K3PJOCST2BOHNLI5Y5ONGGHMWBKKEFCE6LTBQ5YCYHTCPZ6SL7Q110e3bb for />, <Cookie webp=1 for />, <Cookie api_uid=CkhSiWCotmxA8gBUz4CMAg== for .yangkeduo.com/>, <Cookie pdd_user_id=3449836316899 for mobile.yangkeduo.com/>, <Cookie pdd_user_uin=M72R6IPXS7H53HXNW24AHY3FIM_GEXDA for mobile.yangkeduo.com/>, <Cookie pdd_vds=gaLLNIyNGbaQQQmIIGPPbLioIIEanEOyILinIOaynPNniabmOPIOoOLQPLno for mobile.yangkeduo.com/>]>

2021-05-22 15:46:39,361 - /home/yf/PycharmProjects/js/逆向/网页实战/拼夕夕crawlerinfo,anti_content参数/pinxixi_catgoods.py[line:139] - INFO: 完成数据存储,数据总数20
2021-05-22 15:46:39,988 - /home/yf/PycharmProjects/js/逆向/网页实战/拼夕夕crawlerinfo,anti_content参数/pinxixi_catgoods.py[line:139] - INFO: 完成数据存储,数据总数20
2021-05-22 15:46:40,605 - /home/yf/PycharmProjects/js/逆向/网页实战/拼夕夕crawlerinfo,anti_content参数/pinxixi_catgoods.py[line:139] - INFO: 完成数据存储,数据总数20
2021-05-22 15:46:40,605 - /home/yf/PycharmProjects/js/逆向/网页实战/拼夕夕crawlerinfo,anti_content参数/pinxixi_catgoods.py[line:119] - INFO: 当前完成第3页信息抓取
2021-05-22 15:46:42,113 - /home/yf/PycharmProjects/js/逆向/网页实战/拼夕夕crawlerinfo,anti_content参数/pinxixi_catgoods.py[line:139] - INFO: 完成数据存储,数据总数20
2021-05-22 15:46:42,113 - /home/yf/PycharmProjects/js/逆向/网页实战/拼夕夕crawlerinfo,anti_content参数/pinxixi_catgoods.py[line:119] - INFO: 当前完成第4页信息抓取
2021-05-22 15:46:43,925 - /home/yf/PycharmProjects/js/逆向/网页实战/拼夕夕crawlerinfo,anti_content参数/pinxixi_catgoods.py[line:139] - INFO: 完成数据存储,数据总数20
2021-05-22 15:46:43,925 - /home/yf/PycharmProjects/js/逆向/网页实战/拼夕夕crawlerinfo,anti_content参数/pinxixi_catgoods.py[line:119] - INFO: 当前完成第5页信息抓取
2021-05-22 15:46:45,729 - /home/yf/PycharmProjects/js/逆向/网页实战/拼夕夕crawlerinfo,anti_content参数/pinxixi_catgoods.py[line:139] - INFO: 完成数据存储,数据总数20
2021-05-22 15:46:45,730 - /home/yf/PycharmProjects/js/逆向/网页实战/拼夕夕crawlerinfo,anti_content参数/pinxixi_catgoods.py[line:119] - INFO: 当前完成第6页信息抓取
2021-05-22 15:46:47,934 - /home/yf/PycharmProjects/js/逆向/网页实战/拼夕夕crawlerinfo,anti_content参数/pinxixi_catgoods.py[line:139] - INFO: 完成数据存储,数据总数20
2021-05-22 15:46:47,935 - /home/yf/PycharmProjects/js/逆向/网页实战/拼夕夕crawlerinfo,anti_content参数/pinxixi_catgoods.py[line:119] - INFO: 当前完成第7页信息抓取
2021-05-22 15:46:50,444 - /home/yf/PycharmProjects/js/逆向/网页实战/拼夕夕crawlerinfo,anti_content参数/pinxixi_catgoods.py[line:139] - INFO: 完成数据存储,数据总数20
2021-05-22 15:46:50,445 - /home/yf/PycharmProjects/js/逆向/网页实战/拼夕夕crawlerinfo,anti_content参数/pinxixi_catgoods.py[line:119] - INFO: 当前完成第8页信息抓取
2021-05-22 15:46:52,931 - /home/yf/PycharmProjects/js/逆向/网页实战/拼夕夕crawlerinfo,anti_content参数/pinxixi_catgoods.py[line:139] - INFO: 完成数据存储,数据总数20
2021-05-22 15:46:52,932 - /home/yf/PycharmProjects/js/逆向/网页实战/拼夕夕crawlerinfo,anti_content参数/pinxixi_catgoods.py[line:119] - INFO: 当前完成第9页信息抓取
2021-05-22 15:46:55,116 - /home/yf/PycharmProjects/js/逆向/网页实战/拼夕夕crawlerinfo,anti_content参数/pinxixi_catgoods.py[line:139] - INFO: 完成数据存储,数据总数20
2021-05-22 15:46:55,116 - /home/yf/PycharmProjects/js/逆向/网页实战/拼夕夕crawlerinfo,anti_content参数/pinxixi_catgoods.py[line:119] - INFO: 当前完成第10页信息抓取
2021-05-22 15:46:57,542 - /home/yf/PycharmProjects/js/逆向/网页实战/拼夕夕crawlerinfo,anti_content参数/pinxixi_catgoods.py[line:139] - INFO: 完成数据存储,数据总数20
2021-05-22 15:46:57,542 - /home/yf/PycharmProjects/js/逆向/网页实战/拼夕夕crawlerinfo,anti_content参数/pinxixi_catgoods.py[line:119] - INFO: 当前完成第11页信息抓取
2021-05-22 15:46:59,372 - /home/yf/PycharmProjects/js/逆向/网页实战/拼夕夕crawlerinfo,anti_content参数/pinxixi_catgoods.py[line:139] - INFO: 完成数据存储,数据总数20
2021-05-22 15:46:59,372 - /home/yf/PycharmProjects/js/逆向/网页实战/拼夕夕crawlerinfo,anti_content参数/pinxixi_catgoods.py[line:119] - INFO: 当前完成第12页信息抓取
2021-05-22 15:47:01,911 - /home/yf/PycharmProjects/js/逆向/网页实战/拼夕夕crawlerinfo,anti_content参数/pinxixi_catgoods.py[line:139] - INFO: 完成数据存储,数据总数20
2021-05-22 15:47:01,911 - /home/yf/PycharmProjects/js/逆向/网页实战/拼夕夕crawlerinfo,anti_content参数/pinxixi_catgoods.py[line:119] - INFO: 当前完成第13页信息抓取
2021-05-22 15:47:03,031 - /home/yf/PycharmProjects/js/逆向/网页实战/拼夕夕crawlerinfo,anti_content参数/pinxixi_catgoods.py[line:139] - INFO: 完成数据存储,数据总数20
2021-05-22 15:47:03,031 - /home/yf/PycharmProjects/js/逆向/网页实战/拼夕夕crawlerinfo,anti_content参数/pinxixi_catgoods.py[line:119] - INFO: 当前完成第14页信息抓取
2021-05-22 15:47:04,748 - /home/yf/PycharmProjects/js/逆向/网页实战/拼夕夕crawlerinfo,anti_content参数/pinxixi_catgoods.py[line:139] - INFO: 完成数据存储,数据总数20
2021-05-22 15:47:04,748 - /home/yf/PycharmProjects/js/逆向/网页实战/拼夕夕crawlerinfo,anti_content参数/pinxixi_catgoods.py[line:119] - INFO: 当前完成第15页信息抓取
2021-05-22 15:47:06,296 - /home/yf/PycharmProjects/js/逆向/网页实战/拼夕夕crawlerinfo,anti_content参数/pinxixi_catgoods.py[line:139] - INFO: 完成数据存储,数据总数20
2021-05-22 15:47:06,297 - /home/yf/PycharmProjects/js/逆向/网页实战/拼夕夕crawlerinfo,anti_content参数/pinxixi_catgoods.py[line:119] - INFO: 当前完成第16页信息抓取
2021-05-22 15:47:08,128 - /home/yf/PycharmProjects/js/逆向/网页实战/拼夕夕crawlerinfo,anti_content参数/pinxixi_catgoods.py[line:139] - INFO: 完成数据存储,数据总数20
2021-05-22 15:47:08,128 - /home/yf/PycharmProjects/js/逆向/网页实战/拼夕夕crawlerinfo,anti_content参数/pinxixi_catgoods.py[line:119] - INFO: 当前完成第17页信息抓取
2021-05-22 15:47:08,662 - /home/yf/PycharmProjects/js/逆向/网页实战/拼夕夕crawlerinfo,anti_content参数/pinxixi_catgoods.py[line:139] - INFO: 完成数据存储,数据总数20
2021-05-22 15:47:08,662 - /home/yf/PycharmProjects/js/逆向/网页实战/拼夕夕crawlerinfo,anti_content参数/pinxixi_catgoods.py[line:119] - INFO: 当前完成第18页信息抓取
2021-05-22 15:47:10,622 - /home/yf/PycharmProjects/js/逆向/网页实战/拼夕夕crawlerinfo,anti_content参数/pinxixi_catgoods.py[line:139] - INFO: 完成数据存储,数据总数20
2021-05-22 15:47:10,623 - /home/yf/PycharmProjects/js/逆向/网页实战/拼夕夕crawlerinfo,anti_content参数/pinxixi_catgoods.py[line:119] - INFO: 当前完成第19页信息抓取
2021-05-22 15:47:12,428 - /home/yf/PycharmProjects/js/逆向/网页实战/拼夕夕crawlerinfo,anti_content参数/pinxixi_catgoods.py[line:139] - INFO: 完成数据存储,数据总数20
2021-05-22 15:47:12,429 - /home/yf/PycharmProjects/js/逆向/网页实战/拼夕夕crawlerinfo,anti_content参数/pinxixi_catgoods.py[line:119] - INFO: 当前完成第20页信息抓取
2021-05-22 15:47:14,503 - /home/yf/PycharmProjects/js/逆向/网页实战/拼夕夕crawlerinfo,anti_content参数/pinxixi_catgoods.py[line:139] - INFO: 完成数据存储,数据总数20
2021-05-22 15:47:14,504 - /home/yf/PycharmProjects/js/逆向/网页实战/拼夕夕crawlerinfo,anti_content参数/pinxixi_catgoods.py[line:119] - INFO: 当前完成第21页信息抓取
2021-05-22 15:47:15,175 - /home/yf/PycharmProjects/js/逆向/网页实战/拼夕夕crawlerinfo,anti_content参数/pinxixi_catgoods.py[line:139] - INFO: 完成数据存储,数据总数20
2021-05-22 15:47:15,175 - /home/yf/PycharmProjects/js/逆向/网页实战/拼夕夕crawlerinfo,anti_content参数/pinxixi_catgoods.py[line:119] - INFO: 当前完成第22页信息抓取
2021-05-22 15:47:15,729 - /home/yf/PycharmProjects/js/逆向/网页实战/拼夕夕crawlerinfo,anti_content参数/pinxixi_catgoods.py[line:139] - INFO: 完成数据存储,数据总数20
2021-05-22 15:47:15,730 - /home/yf/PycharmProjects/js/逆向/网页实战/拼夕夕crawlerinfo,anti_content参数/pinxixi_catgoods.py[line:119] - INFO: 当前完成第23页信息抓取
2021-05-22 15:47:17,620 - /home/yf/PycharmProjects/js/逆向/网页实战/拼夕夕crawlerinfo,anti_content参数/pinxixi_catgoods.py[line:139] - INFO: 完成数据存储,数据总数20
2021-05-22 15:47:17,620 - /home/yf/PycharmProjects/js/逆向/网页实战/拼夕夕crawlerinfo,anti_content参数/pinxixi_catgoods.py[line:119] - INFO: 当前完成第24页信息抓取
2021-05-22 15:47:19,791 - /home/yf/PycharmProjects/js/逆向/网页实战/拼夕夕crawlerinfo,anti_content参数/pinxixi_catgoods.py[line:139] - INFO: 完成数据存储,数据总数20
2021-05-22 15:47:19,791 - /home/yf/PycharmProjects/js/逆向/网页实战/拼夕夕crawlerinfo,anti_content参数/pinxixi_catgoods.py[line:119] - INFO: 当前完成第25页信息抓取
2021-05-22 15:47:20,498 - /home/yf/PycharmProjects/js/逆向/网页实战/拼夕夕crawlerinfo,anti_content参数/pinxixi_catgoods.py[line:139] - INFO: 完成数据存储,数据总数20
2021-05-22 15:47:20,499 - /home/yf/PycharmProjects/js/逆向/网页实战/拼夕夕crawlerinfo,anti_content参数/pinxixi_catgoods.py[line:119] - INFO: 当前完成第26页信息抓取
2021-05-22 15:47:21,835 - /home/yf/PycharmProjects/js/逆向/网页实战/拼夕夕crawlerinfo,anti_content参数/pinxixi_catgoods.py[line:139] - INFO: 完成数据存储,数据总数20
2021-05-22 15:47:21,835 - /home/yf/PycharmProjects/js/逆向/网页实战/拼夕夕crawlerinfo,anti_content参数/pinxixi_catgoods.py[line:119] - INFO: 当前完成第27页信息抓取
2021-05-22 15:47:24,151 - /home/yf/PycharmProjects/js/逆向/网页实战/拼夕夕crawlerinfo,anti_content参数/pinxixi_catgoods.py[line:139] - INFO: 完成数据存储,数据总数20
2021-05-22 15:47:24,152 - /home/yf/PycharmProjects/js/逆向/网页实战/拼夕夕crawlerinfo,anti_content参数/pinxixi_catgoods.py[line:119] - INFO: 当前完成第28页信息抓取
2021-05-22 15:47:25,847 - /home/yf/PycharmProjects/js/逆向/网页实战/拼夕夕crawlerinfo,anti_content参数/pinxixi_catgoods.py[line:139] - INFO: 完成数据存储,数据总数20
2021-05-22 15:47:25,847 - /home/yf/PycharmProjects/js/逆向/网页实战/拼夕夕crawlerinfo,anti_content参数/pinxixi_catgoods.py[line:119] - INFO: 当前完成第29页信息抓取
2021-05-22 15:47:26,963 - /home/yf/PycharmProjects/js/逆向/网页实战/拼夕夕crawlerinfo,anti_content参数/pinxixi_catgoods.py[line:139] - INFO: 完成数据存储,数据总数20
2021-05-22 15:47:26,963 - /home/yf/PycharmProjects/js/逆向/网页实战/拼夕夕crawlerinfo,anti_content参数/pinxixi_catgoods.py[line:119] - INFO: 当前完成第30页信息抓取
2021-05-22 15:47:28,201 - /home/yf/PycharmProjects/js/逆向/网页实战/拼夕夕crawlerinfo,anti_content参数/pinxixi_catgoods.py[line:139] - INFO: 完成数据存储,数据总数20
2021-05-22 15:47:28,201 - /home/yf/PycharmProjects/js/逆向/网页实战/拼夕夕crawlerinfo,anti_content参数/pinxixi_catgoods.py[line:119] - INFO: 当前完成第31页信息抓取
2021-05-22 15:47:29,278 - /home/yf/PycharmProjects/js/逆向/网页实战/拼夕夕crawlerinfo,anti_content参数/pinxixi_catgoods.py[line:139] - INFO: 完成数据存储,数据总数20
2021-05-22 15:47:29,278 - /home/yf/PycharmProjects/js/逆向/网页实战/拼夕夕crawlerinfo,anti_content参数/pinxixi_catgoods.py[line:119] - INFO: 当前完成第32页信息抓取
2021-05-22 15:47:29,904 - /home/yf/PycharmProjects/js/逆向/网页实战/拼夕夕crawlerinfo,anti_content参数/pinxixi_catgoods.py[line:139] - INFO: 完成数据存储,数据总数20
2021-05-22 15:47:29,904 - /home/yf/PycharmProjects/js/逆向/网页实战/拼夕夕crawlerinfo,anti_content参数/pinxixi_catgoods.py[line:119] - INFO: 当前完成第33页信息抓取
2021-05-22 15:47:32,196 - /home/yf/PycharmProjects/js/逆向/网页实战/拼夕夕crawlerinfo,anti_content参数/pinxixi_catgoods.py[line:139] - INFO: 完成数据存储,数据总数20
2021-05-22 15:47:32,196 - /home/yf/PycharmProjects/js/逆向/网页实战/拼夕夕crawlerinfo,anti_content参数/pinxixi_catgoods.py[line:119] - INFO: 当前完成第34页信息抓取
2021-05-22 15:47:34,223 - /home/yf/PycharmProjects/js/逆向/网页实战/拼夕夕crawlerinfo,anti_content参数/pinxixi_catgoods.py[line:139] - INFO: 完成数据存储,数据总数20
2021-05-22 15:47:34,223 - /home/yf/PycharmProjects/js/逆向/网页实战/拼夕夕crawlerinfo,anti_content参数/pinxixi_catgoods.py[line:119] - INFO: 当前完成第35页信息抓取
2021-05-22 15:47:35,047 - /home/yf/PycharmProjects/js/逆向/网页实战/拼夕夕crawlerinfo,anti_content参数/pinxixi_catgoods.py[line:139] - INFO: 完成数据存储,数据总数20
2021-05-22 15:47:35,047 - /home/yf/PycharmProjects/js/逆向/网页实战/拼夕夕crawlerinfo,anti_content参数/pinxixi_catgoods.py[line:119] - INFO: 当前完成第36页信息抓取
2021-05-22 15:47:36,578 - /home/yf/PycharmProjects/js/逆向/网页实战/拼夕夕crawlerinfo,anti_content参数/pinxixi_catgoods.py[line:139] - INFO: 完成数据存储,数据总数20
2021-05-22 15:47:36,578 - /home/yf/PycharmProjects/js/逆向/网页实战/拼夕夕crawlerinfo,anti_content参数/pinxixi_catgoods.py[line:119] - INFO: 当前完成第37页信息抓取
2021-05-22 15:47:37,821 - /home/yf/PycharmProjects/js/逆向/网页实战/拼夕夕crawlerinfo,anti_content参数/pinxixi_catgoods.py[line:139] - INFO: 完成数据存储,数据总数20
2021-05-22 15:47:37,821 - /home/yf/PycharmProjects/js/逆向/网页实战/拼夕夕crawlerinfo,anti_content参数/pinxixi_catgoods.py[line:119] - INFO: 当前完成第38页信息抓取
2021-05-22 15:47:38,990 - /home/yf/PycharmProjects/js/逆向/网页实战/拼夕夕crawlerinfo,anti_content参数/pinxixi_catgoods.py[line:139] - INFO: 完成数据存储,数据总数20
2021-05-22 15:47:38,990 - /home/yf/PycharmProjects/js/逆向/网页实战/拼夕夕crawlerinfo,anti_content参数/pinxixi_catgoods.py[line:119] - INFO: 当前完成第39页信息抓取
2021-05-22 15:47:41,168 - /home/yf/PycharmProjects/js/逆向/网页实战/拼夕夕crawlerinfo,anti_content参数/pinxixi_catgoods.py[line:139] - INFO: 完成数据存储,数据总数20
2021-05-22 15:47:41,168 - /home/yf/PycharmProjects/js/逆向/网页实战/拼夕夕crawlerinfo,anti_content参数/pinxixi_catgoods.py[line:119] - INFO: 当前完成第40页信息抓取
2021-05-22 15:47:42,448 - /home/yf/PycharmProjects/js/逆向/网页实战/拼夕夕crawlerinfo,anti_content参数/pinxixi_catgoods.py[line:139] - INFO: 完成数据存储,数据总数20
2021-05-22 15:47:42,448 - /home/yf/PycharmProjects/js/逆向/网页实战/拼夕夕crawlerinfo,anti_content参数/pinxixi_catgoods.py[line:119] - INFO: 当前完成第41页信息抓取
2021-05-22 15:47:43,200 - /home/yf/PycharmProjects/js/逆向/网页实战/拼夕夕crawlerinfo,anti_content参数/pinxixi_catgoods.py[line:139] - INFO: 完成数据存储,数据总数20
2021-05-22 15:47:43,201 - /home/yf/PycharmProjects/js/逆向/网页实战/拼夕夕crawlerinfo,anti_content参数/pinxixi_catgoods.py[line:119] - INFO: 当前完成第42页信息抓取
2021-05-22 15:47:44,055 - /home/yf/PycharmProjects/js/逆向/网页实战/拼夕夕crawlerinfo,anti_content参数/pinxixi_catgoods.py[line:139] - INFO: 完成数据存储,数据总数20
2021-05-22 15:47:44,055 - /home/yf/PycharmProjects/js/逆向/网页实战/拼夕夕crawlerinfo,anti_content参数/pinxixi_catgoods.py[line:119] - INFO: 当前完成第43页信息抓取
2021-05-22 15:47:46,598 - /home/yf/PycharmProjects/js/逆向/网页实战/拼夕夕crawlerinfo,anti_content参数/pinxixi_catgoods.py[line:139] - INFO: 完成数据存储,数据总数20
2021-05-22 15:47:46,598 - /home/yf/PycharmProjects/js/逆向/网页实战/拼夕夕crawlerinfo,anti_content参数/pinxixi_catgoods.py[line:119] - INFO: 当前完成第44页信息抓取
2021-05-22 15:47:47,132 - /home/yf/PycharmProjects/js/逆向/网页实战/拼夕夕crawlerinfo,anti_content参数/pinxixi_catgoods.py[line:139] - INFO: 完成数据存储,数据总数20
2021-05-22 15:47:47,132 - /home/yf/PycharmProjects/js/逆向/网页实战/拼夕夕crawlerinfo,anti_content参数/pinxixi_catgoods.py[line:119] - INFO: 当前完成第45页信息抓取
2021-05-22 15:47:47,681 - /home/yf/PycharmProjects/js/逆向/网页实战/拼夕夕crawlerinfo,anti_content参数/pinxixi_catgoods.py[line:139] - INFO: 完成数据存储,数据总数20
2021-05-22 15:47:47,681 - /home/yf/PycharmProjects/js/逆向/网页实战/拼夕夕crawlerinfo,anti_content参数/pinxixi_catgoods.py[line:119] - INFO: 当前完成第46页信息抓取
2021-05-22 15:47:50,155 - /home/yf/PycharmProjects/js/逆向/网页实战/拼夕夕crawlerinfo,anti_content参数/pinxixi_catgoods.py[line:139] - INFO: 完成数据存储,数据总数20
2021-05-22 15:47:50,155 - /home/yf/PycharmProjects/js/逆向/网页实战/拼夕夕crawlerinfo,anti_content参数/pinxixi_catgoods.py[line:119] - INFO: 当前完成第47页信息抓取
2021-05-22 15:47:51,126 - /home/yf/PycharmProjects/js/逆向/网页实战/拼夕夕crawlerinfo,anti_content参数/pinxixi_catgoods.py[line:139] - INFO: 完成数据存储,数据总数20
2021-05-22 15:47:51,126 - /home/yf/PycharmProjects/js/逆向/网页实战/拼夕夕crawlerinfo,anti_content参数/pinxixi_catgoods.py[line:119] - INFO: 当前完成第48页信息抓取
2021-05-22 15:47:52,461 - /home/yf/PycharmProjects/js/逆向/网页实战/拼夕夕crawlerinfo,anti_content参数/pinxixi_catgoods.py[line:139] - INFO: 完成数据存储,数据总数20
2021-05-22 15:47:52,461 - /home/yf/PycharmProjects/js/逆向/网页实战/拼夕夕crawlerinfo,anti_content参数/pinxixi_catgoods.py[line:119] - INFO: 当前完成第49页信息抓取
2021-05-22 15:47:54,731 - /home/yf/PycharmProjects/js/逆向/网页实战/拼夕夕crawlerinfo,anti_content参数/pinxixi_catgoods.py[line:139] - INFO: 完成数据存储,数据总数20
2021-05-22 15:47:54,731 - /home/yf/PycharmProjects/js/逆向/网页实战/拼夕夕crawlerinfo,anti_content参数/pinxixi_catgoods.py[line:119] - INFO: 当前完成第50页信息抓取
2021-05-22 15:47:57,346 - /home/yf/PycharmProjects/js/逆向/网页实战/拼夕夕crawlerinfo,anti_content参数/pinxixi_catgoods.py[line:139] - INFO: 完成数据存储,数据总数20
2021-05-22 15:47:57,346 - /home/yf/PycharmProjects/js/逆向/网页实战/拼夕夕crawlerinfo,anti_content参数/pinxixi_catgoods.py[line:119] - INFO: 当前完成第51页信息抓取
2021-05-22 15:47:58,967 - /home/yf/PycharmProjects/js/逆向/网页实战/拼夕夕crawlerinfo,anti_content参数/pinxixi_catgoods.py[line:139] - INFO: 完成数据存储,数据总数20
2021-05-22 15:47:58,967 - /home/yf/PycharmProjects/js/逆向/网页实战/拼夕夕crawlerinfo,anti_content参数/pinxixi_catgoods.py[line:119] - INFO: 当前完成第52页信息抓取
2021-05-22 15:48:00,400 - /home/yf/PycharmProjects/js/逆向/网页实战/拼夕夕crawlerinfo,anti_content参数/pinxixi_catgoods.py[line:139] - INFO: 完成数据存储,数据总数20
2021-05-22 15:48:00,400 - /home/yf/PycharmProjects/js/逆向/网页实战/拼夕夕crawlerinfo,anti_content参数/pinxixi_catgoods.py[line:119] - INFO: 当前完成第53页信息抓取
2021-05-22 15:48:02,228 - /home/yf/PycharmProjects/js/逆向/网页实战/拼夕夕crawlerinfo,anti_content参数/pinxixi_catgoods.py[line:139] - INFO: 完成数据存储,数据总数20
2021-05-22 15:48:02,228 - /home/yf/PycharmProjects/js/逆向/网页实战/拼夕夕crawlerinfo,anti_content参数/pinxixi_catgoods.py[line:119] - INFO: 当前完成第54页信息抓取
2021-05-22 15:48:04,777 - /home/yf/PycharmProjects/js/逆向/网页实战/拼夕夕crawlerinfo,anti_content参数/pinxixi_catgoods.py[line:139] - INFO: 完成数据存储,数据总数20
2021-05-22 15:48:04,777 - /home/yf/PycharmProjects/js/逆向/网页实战/拼夕夕crawlerinfo,anti_content参数/pinxixi_catgoods.py[line:119] - INFO: 当前完成第55页信息抓取
2021-05-22 15:48:06,933 - /home/yf/PycharmProjects/js/逆向/网页实战/拼夕夕crawlerinfo,anti_content参数/pinxixi_catgoods.py[line:139] - INFO: 完成数据存储,数据总数20
2021-05-22 15:48:06,933 - /home/yf/PycharmProjects/js/逆向/网页实战/拼夕夕crawlerinfo,anti_content参数/pinxixi_catgoods.py[line:119] - INFO: 当前完成第56页信息抓取
2021-05-22 15:48:08,311 - /home/yf/PycharmProjects/js/逆向/网页实战/拼夕夕crawlerinfo,anti_content参数/pinxixi_catgoods.py[line:139] - INFO: 完成数据存储,数据总数20
2021-05-22 15:48:08,312 - /home/yf/PycharmProjects/js/逆向/网页实战/拼夕夕crawlerinfo,anti_content参数/pinxixi_catgoods.py[line:119] - INFO: 当前完成第57页信息抓取
2021-05-22 15:48:10,005 - /home/yf/PycharmProjects/js/逆向/网页实战/拼夕夕crawlerinfo,anti_content参数/pinxixi_catgoods.py[line:139] - INFO: 完成数据存储,数据总数20
2021-05-22 15:48:10,005 - /home/yf/PycharmProjects/js/逆向/网页实战/拼夕夕crawlerinfo,anti_content参数/pinxixi_catgoods.py[line:119] - INFO: 当前完成第58页信息抓取
2021-05-22 15:48:10,659 - /home/yf/PycharmProjects/js/逆向/网页实战/拼夕夕crawlerinfo,anti_content参数/pinxixi_catgoods.py[line:139] - INFO: 完成数据存储,数据总数20
2021-05-22 15:48:10,659 - /home/yf/PycharmProjects/js/逆向/网页实战/拼夕夕crawlerinfo,anti_content参数/pinxixi_catgoods.py[line:119] - INFO: 当前完成第59页信息抓取
2021-05-22 15:48:11,355 - /home/yf/PycharmProjects/js/逆向/网页实战/拼夕夕crawlerinfo,anti_content参数/pinxixi_catgoods.py[line:139] - INFO: 完成数据存储,数据总数20
2021-05-22 15:48:11,355 - /home/yf/PycharmProjects/js/逆向/网页实战/拼夕夕crawlerinfo,anti_content参数/pinxixi_catgoods.py[line:119] - INFO: 当前完成第60页信息抓取
2021-05-22 15:48:13,142 - /home/yf/PycharmProjects/js/逆向/网页实战/拼夕夕crawlerinfo,anti_content参数/pinxixi_catgoods.py[line:139] - INFO: 完成数据存储,数据总数20
2021-05-22 15:48:13,143 - /home/yf/PycharmProjects/js/逆向/网页实战/拼夕夕crawlerinfo,anti_content参数/pinxixi_catgoods.py[line:119] - INFO: 当前完成第61页信息抓取
2021-05-22 15:48:15,308 - /home/yf/PycharmProjects/js/逆向/网页实战/拼夕夕crawlerinfo,anti_content参数/pinxixi_catgoods.py[line:139] - INFO: 完成数据存储,数据总数20
2021-05-22 15:48:15,308 - /home/yf/PycharmProjects/js/逆向/网页实战/拼夕夕crawlerinfo,anti_content参数/pinxixi_catgoods.py[line:119] - INFO: 当前完成第62页信息抓取
2021-05-22 15:48:16,229 - /home/yf/PycharmProjects/js/逆向/网页实战/拼夕夕crawlerinfo,anti_content参数/pinxixi_catgoods.py[line:139] - INFO: 完成数据存储,数据总数20
2021-05-22 15:48:16,229 - /home/yf/PycharmProjects/js/逆向/网页实战/拼夕夕crawlerinfo,anti_content参数/pinxixi_catgoods.py[line:119] - INFO: 当前完成第63页信息抓取
2021-05-22 15:48:17,799 - /home/yf/PycharmProjects/js/逆向/网页实战/拼夕夕crawlerinfo,anti_content参数/pinxixi_catgoods.py[line:139] - INFO: 完成数据存储,数据总数20
2021-05-22 15:48:17,799 - /home/yf/PycharmProjects/js/逆向/网页实战/拼夕夕crawlerinfo,anti_content参数/pinxixi_catgoods.py[line:119] - INFO: 当前完成第64页信息抓取
2021-05-22 15:48:19,734 - /home/yf/PycharmProjects/js/逆向/网页实战/拼夕夕crawlerinfo,anti_content参数/pinxixi_catgoods.py[line:139] - INFO: 完成数据存储,数据总数20
2021-05-22 15:48:19,734 - /home/yf/PycharmProjects/js/逆向/网页实战/拼夕夕crawlerinfo,anti_content参数/pinxixi_catgoods.py[line:119] - INFO: 当前完成第65页信息抓取
2021-05-22 15:48:22,185 - /home/yf/PycharmProjects/js/逆向/网页实战/拼夕夕crawlerinfo,anti_content参数/pinxixi_catgoods.py[line:139] - INFO: 完成数据存储,数据总数20
2021-05-22 15:48:22,186 - /home/yf/PycharmProjects/js/逆向/网页实战/拼夕夕crawlerinfo,anti_content参数/pinxixi_catgoods.py[line:119] - INFO: 当前完成第66页信息抓取
2021-05-22 15:48:23,940 - /home/yf/PycharmProjects/js/逆向/网页实战/拼夕夕crawlerinfo,anti_content参数/pinxixi_catgoods.py[line:139] - INFO: 完成数据存储,数据总数20
2021-05-22 15:48:23,941 - /home/yf/PycharmProjects/js/逆向/网页实战/拼夕夕crawlerinfo,anti_content参数/pinxixi_catgoods.py[line:119] - INFO: 当前完成第67页信息抓取
2021-05-22 15:48:25,180 - /home/yf/PycharmProjects/js/逆向/网页实战/拼夕夕crawlerinfo,anti_content参数/pinxixi_catgoods.py[line:139] - INFO: 完成数据存储,数据总数20
2021-05-22 15:48:25,180 - /home/yf/PycharmProjects/js/逆向/网页实战/拼夕夕crawlerinfo,anti_content参数/pinxixi_catgoods.py[line:119] - INFO: 当前完成第68页信息抓取
2021-05-22 15:48:27,139 - /home/yf/PycharmProjects/js/逆向/网页实战/拼夕夕crawlerinfo,anti_content参数/pinxixi_catgoods.py[line:139] - INFO: 完成数据存储,数据总数20
2021-05-22 15:48:27,139 - /home/yf/PycharmProjects/js/逆向/网页实战/拼夕夕crawlerinfo,anti_content参数/pinxixi_catgoods.py[line:119] - INFO: 当前完成第69页信息抓取
2021-05-22 15:48:28,655 - /home/yf/PycharmProjects/js/逆向/网页实战/拼夕夕crawlerinfo,anti_content参数/pinxixi_catgoods.py[line:139] - INFO: 完成数据存储,数据总数20
2021-05-22 15:48:28,655 - /home/yf/PycharmProjects/js/逆向/网页实战/拼夕夕crawlerinfo,anti_content参数/pinxixi_catgoods.py[line:119] - INFO: 当前完成第70页信息抓取
2021-05-22 15:48:29,625 - /home/yf/PycharmProjects/js/逆向/网页实战/拼夕夕crawlerinfo,anti_content参数/pinxixi_catgoods.py[line:139] - INFO: 完成数据存储,数据总数20
2021-05-22 15:48:29,625 - /home/yf/PycharmProjects/js/逆向/网页实战/拼夕夕crawlerinfo,anti_content参数/pinxixi_catgoods.py[line:119] - INFO: 当前完成第71页信息抓取
2021-05-22 15:48:31,331 - /home/yf/PycharmProjects/js/逆向/网页实战/拼夕夕crawlerinfo,anti_content参数/pinxixi_catgoods.py[line:139] - INFO: 完成数据存储,数据总数20
2021-05-22 15:48:31,332 - /home/yf/PycharmProjects/js/逆向/网页实战/拼夕夕crawlerinfo,anti_content参数/pinxixi_catgoods.py[line:119] - INFO: 当前完成第72页信息抓取
2021-05-22 15:48:32,391 - /home/yf/PycharmProjects/js/逆向/网页实战/拼夕夕crawlerinfo,anti_content参数/pinxixi_catgoods.py[line:139] - INFO: 完成数据存储,数据总数20
2021-05-22 15:48:32,392 - /home/yf/PycharmProjects/js/逆向/网页实战/拼夕夕crawlerinfo,anti_content参数/pinxixi_catgoods.py[line:119] - INFO: 当前完成第73页信息抓取
2021-05-22 15:48:33,430 - /home/yf/PycharmProjects/js/逆向/网页实战/拼夕夕crawlerinfo,anti_content参数/pinxixi_catgoods.py[line:139] - INFO: 完成数据存储,数据总数20
2021-05-22 15:48:33,430 - /home/yf/PycharmProjects/js/逆向/网页实战/拼夕夕crawlerinfo,anti_content参数/pinxixi_catgoods.py[line:119] - INFO: 当前完成第74页信息抓取
2021-05-22 15:48:33,969 - /home/yf/PycharmProjects/js/逆向/网页实战/拼夕夕crawlerinfo,anti_content参数/pinxixi_catgoods.py[line:116] - INFO: 当前进行第75页信息抓取，已经无下一页参数
